<?xml version="1.0" encoding="UTF-8"?>
<!-- Generated by org.testng.reporters.JUnitXMLReporter -->
<testsuite ignored="0" hostname="DESKTOP-5JFS7KH" failures="0" tests="3" name="Default test" time="73.631" errors="0" timestamp="2022-08-19T00:34:47 WIB">
  <testcase classname="com.juaracoding.pageobject.posttest.TestPostTest18" name="TestPembelian1" time="13.644"/>
  <testcase classname="com.juaracoding.pageobject.posttest.TestPostTest18" name="TestPembelian2" time="8.913"/>
  <testcase classname="com.juaracoding.pageobject.posttest.TestPostTest18" name="ShowCart" time="2.409"/>
</testsuite> <!-- Default test -->
